0 info it worked if it ends with ok
1 verbose cli [ '/usr/local/Cellar/node/5.7.0/bin/node',
1 verbose cli   '/usr/local/bin/npm',
1 verbose cli   'publish' ]
2 info using npm@3.6.0
3 info using node@v5.7.0
4 verbose publish [ '.' ]
5 silly cache add args [ '.', null ]
6 verbose cache add spec .
7 silly cache add parsed spec Result {
7 silly cache add   raw: '.',
7 silly cache add   scope: null,
7 silly cache add   name: null,
7 silly cache add   rawSpec: '.',
7 silly cache add   spec: '/Users/ishan/Documents/Projects/movie-notifier',
7 silly cache add   type: 'directory' }
8 verbose addLocalDirectory /Users/ishan/.npm/movie-notifier/0.0.1/package.tgz not in flight; packing
9 verbose correctMkdir /Users/ishan/.npm correctMkdir not in flight; initializing
10 info lifecycle movie-notifier@0.0.1~prepublish: movie-notifier@0.0.1
11 silly lifecycle movie-notifier@0.0.1~prepublish: no script for prepublish, continuing
12 verbose tar pack [ '/Users/ishan/.npm/movie-notifier/0.0.1/package.tgz',
12 verbose tar pack   '/Users/ishan/Documents/Projects/movie-notifier' ]
13 verbose tarball /Users/ishan/.npm/movie-notifier/0.0.1/package.tgz
14 verbose folder /Users/ishan/Documents/Projects/movie-notifier
15 verbose addLocalTarball adding from inside cache /Users/ishan/.npm/movie-notifier/0.0.1/package.tgz
16 verbose correctMkdir /Users/ishan/.npm correctMkdir not in flight; initializing
17 silly cache afterAdd movie-notifier@0.0.1
18 verbose afterAdd /Users/ishan/.npm/movie-notifier/0.0.1/package/package.json not in flight; writing
19 verbose correctMkdir /Users/ishan/.npm correctMkdir not in flight; initializing
20 verbose afterAdd /Users/ishan/.npm/movie-notifier/0.0.1/package/package.json written
21 silly publish { name: 'movie-notifier',
21 silly publish   version: '0.0.1',
21 silly publish   description: 'A simple module to notifier you when your favourite movie is being played at most Sri Lankan cinemas.',
21 silly publish   main: 'index.js',
21 silly publish   directories: { example: 'examples' },
21 silly publish   scripts: { test: 'echo "Error: no test specified" && exit 1' },
21 silly publish   repository:
21 silly publish    { type: 'git',
21 silly publish      url: 'git+https://github.com/ishan-marikar/movie-notifier-sri-lanka.git' },
21 silly publish   keywords: [],
21 silly publish   author: { name: 'Ishan Marikar', email: 'ishan.marikar@outlook.com' },
21 silly publish   license: 'ISC',
21 silly publish   bugs: { url: 'https://github.com/ishan-marikar/movie-notifier-sri-lanka/issues' },
21 silly publish   homepage: 'https://github.com/ishan-marikar/movie-notifier-sri-lanka#readme',
21 silly publish   dependencies:
21 silly publish    { autocorrect: '^1.1.0',
21 silly publish      debug: '^2.2.0',
21 silly publish      striptags: '^2.1.1',
21 silly publish      superagent: '^1.8.3' },
21 silly publish   readme: '# movie-notifier\n\nA simple module to notifier you when your favourite movie is being played at most Sri Lankan cinemas.\n\n## Installation\n\nDownload node at [nodejs.org](http://nodejs.org) and install it, if you haven\'t already.\n\n```sh\nnpm install movie-notifier --save\n```\n## Usage\n\n### EAP Movies\n\n```js\nvar MovieNotifier = require(\'movie-notifier\');\n\nvar notifier = MovieNotifier.EAP({\n  interval: 2000,\n  search: \'Batman vs. Superman\'\n});\n\nnotifier.on(\'found\', function(){\n  console.log(\'Movie is being played at EAP cinemas.\')\n});\n```\n\n### Ceylon Theaters\nNot implemented yet.\n\n\n## Tests\nNo tests yet.\n\n## Dependencies\n\n- [autocorrect](https://github.com/yefim/autocorrect): Find the best matching word using the first smallest Levenshtein distance\n- [debug](https://github.com/visionmedia/debug): small debugging utility\n- [striptags](https://github.com/ericnorris/striptags): PHP strip_tags in Node.js\n- [superagent](https://github.com/visionmedia/superagent): elegant &amp; feature rich browser / node HTTP with a fluent API\n\n## Dev Dependencies\n\n\nNone\n\n## License\n\nISC\n',
21 silly publish   readmeFilename: 'README.md',
21 silly publish   gitHead: '3ea9f6e927e679d2c02807a11f1c4440836e3942',
21 silly publish   _id: 'movie-notifier@0.0.1',
21 silly publish   _shasum: 'cd48147d4868f4f98dc0272eedd1ce7cecd4e5fc',
21 silly publish   _from: '.' }
22 verbose getPublishConfig undefined
23 silly mapToRegistry name movie-notifier
24 silly mapToRegistry using default registry
25 silly mapToRegistry registry https://registry.npmjs.org/
26 silly mapToRegistry uri https://registry.npmjs.org/movie-notifier
27 verbose publish registryBase https://registry.npmjs.org/
28 silly publish uploading /Users/ishan/.npm/movie-notifier/0.0.1/package.tgz
29 verbose request uri https://registry.npmjs.org/movie-notifier
30 verbose request sending authorization for write operation
31 info attempt registry request try #1 at 3:02:52 PM
32 verbose request using bearer token for auth
33 verbose request id ddf2b03b161aa958
34 http request PUT https://registry.npmjs.org/movie-notifier
35 http 403 https://registry.npmjs.org/movie-notifier
36 verbose headers { 'content-type': 'application/json',
36 verbose headers   'cache-control': 'max-age=300',
36 verbose headers   'content-length': '128',
36 verbose headers   'accept-ranges': 'bytes',
36 verbose headers   date: 'Fri, 25 Mar 2016 09:32:55 GMT',
36 verbose headers   via: '1.1 varnish',
36 verbose headers   connection: 'keep-alive',
36 verbose headers   'x-served-by': 'cache-ams4140-AMS',
36 verbose headers   'x-cache': 'MISS',
36 verbose headers   'x-cache-hits': '0',
36 verbose headers   'x-timer': 'S1458898373.486429,VS0,VE1600' }
37 verbose request invalidating /Users/ishan/.npm/registry.npmjs.org/movie-notifier on PUT
38 error publish Failed PUT 403
39 verbose stack Error: "You cannot publish over the previously published version 0.0.1. Try bumping the version to 1.0.0" : movie-notifier
39 verbose stack     at makeError (/usr/local/lib/node_modules/npm/node_modules/npm-registry-client/lib/request.js:264:12)
39 verbose stack     at CachingRegistryClient.<anonymous> (/usr/local/lib/node_modules/npm/node_modules/npm-registry-client/lib/request.js:252:14)
39 verbose stack     at Request._callback (/usr/local/lib/node_modules/npm/node_modules/npm-registry-client/lib/request.js:172:14)
39 verbose stack     at Request.self.callback (/usr/local/lib/node_modules/npm/node_modules/request/request.js:198:22)
39 verbose stack     at emitTwo (events.js:100:13)
39 verbose stack     at Request.emit (events.js:185:7)
39 verbose stack     at Request.<anonymous> (/usr/local/lib/node_modules/npm/node_modules/request/request.js:1035:10)
39 verbose stack     at emitOne (events.js:95:20)
39 verbose stack     at Request.emit (events.js:182:7)
39 verbose stack     at IncomingMessage.<anonymous> (/usr/local/lib/node_modules/npm/node_modules/request/request.js:962:12)
40 verbose statusCode 403
41 verbose pkgid movie-notifier
42 verbose cwd /Users/ishan/Documents/Projects/movie-notifier
43 error Darwin 15.3.0
44 error argv "/usr/local/Cellar/node/5.7.0/bin/node" "/usr/local/bin/npm" "publish"
45 error node v5.7.0
46 error npm  v3.6.0
47 error code E403
48 error "You cannot publish over the previously published version 0.0.1. Try bumping the version to 1.0.0" : movie-notifier
49 error If you need help, you may report this error at:
49 error     <https://github.com/npm/npm/issues>
50 verbose exit [ 1, true ]
